<?xml version="1.0" encoding="UTF-8"?>
<!-- Generated by org.testng.reporters.JUnitXMLReporter -->
<testsuite ignored="5" hostname="DESKTOP-FAU8SHO" failures="0" tests="3" name="GRP-arjav" time="0.094" errors="0" timestamp="2021-10-02T17:02:49 EDT">
  <testcase classname="selenium.Testing2" name="test4" time="0.011"/>
  <testcase classname="selenium.Testing3" name="createuser" time="0.005"/>
  <testcase classname="selenium.Testing1" name="test2" time="0.002"/>
  <testcase classname="selenium.Testing1" name="testDataProvider" time="0.0">
    <ignored/>
  </testcase> <!-- testDataProvider -->
  <testcase classname="selenium.Testing1" name="test1" time="0.0">
    <ignored/>
  </testcase> <!-- test1 -->
  <testcase classname="selenium.Testing1" name="test3" time="0.0">
    <ignored/>
  </testcase> <!-- test3 -->
  <testcase classname="selenium.Testing3" name="deleteuser" time="0.0">
    <ignored/>
  </testcase> <!-- deleteuser -->
  <testcase classname="selenium.Testing3" name="edituser" time="0.0">
    <ignored/>
  </testcase> <!-- edituser -->
</testsuite> <!-- GRP-arjav -->
